application/csv
application/x-java-keystore
application/javascript
application/json
application/vnd.*
application/x-dmp
application/x-font*
application/x-bytecode.python
application/x-coredump
application/x-dosexec
application/x-elc
application/x-gettext-translation
application/x-java-applet
application/msword
application/pdf
application/pgp-keys
application/postscript
application/x-setupscript
application/x-sharedlib
application/x-terminfo
application/x-tex-tfm
audio/*
font/*
image/*
inode/*
message/*
video/*
